[ 2025-09-21 19:41:28,930 ] 24 root - INFO - Data Ingestion method starts
[ 2025-09-21 19:41:28,953 ] 27 root - INFO - Dataset read as pandas Dataframe
[ 2025-09-21 19:41:29,057 ] 33 root - INFO - Train test split
[ 2025-09-21 19:41:29,162 ] 39 root - INFO - Ingestion is complete
[ 2025-09-21 19:41:29,179 ] 78 root - INFO - Read train and test data completed
[ 2025-09-21 19:41:29,182 ] 79 root - INFO - Train Dataframe Head : 
      id  carat        cut color clarity  depth  table     x     y     z  price
0  19041   1.17       Good     D     SI2   60.4   65.0  6.81  6.77  4.10   5567
1    397   1.20      Ideal     F    VVS1   61.1   55.0  6.86  6.89  4.20  13088
2  15627   0.31  Very Good     I    VVS2   61.6   59.0  4.31  4.33  2.66    544
3  16598   2.19      Ideal     I     SI2   62.5   56.0  8.31  8.24  5.18  15254
4   5812   0.30      Ideal     H     VS2   62.1   57.0  4.27  4.30  2.66    491
[ 2025-09-21 19:41:29,184 ] 80 root - INFO - Test Dataframe Head: 
      id  carat        cut color clarity  depth  table     x     y     z  price
0   9923   1.10  Very Good     F     SI1   60.5   60.0  6.65  6.67  4.03   5667
1  25557   0.41       Good     E     SI2   63.5   55.0  4.69  4.73  2.99    638
2  22422   0.25    Premium     H    VVS1   59.8   59.0  4.07  4.09  2.44    450
3  18129   1.52      Ideal     H    VVS2   62.8   56.0  7.32  7.30  4.59  12764
4  14106   0.42      Ideal     D    VVS2   62.1   55.0  4.78  4.81  2.98   1326
[ 2025-09-21 19:41:29,184 ] 81 root - INFO - Obtaining preprocessing object
[ 2025-09-21 19:41:29,184 ] 31 root - INFO - Data Transformation initiated
[ 2025-09-21 19:41:29,184 ] 41 root - INFO - Pipeline Initiated
[ 2025-09-21 19:41:29,221 ] 101 root - INFO - Applying preprocessing object on training and testing datasets. 
[ 2025-09-21 19:41:29,222 ] 110 root - INFO - Processor pickle in created and save
